{"level":"INFO","timestamp":"2020-04-16 17:02:50.895","file":"GoApiserver/main.go:59","msg":"Start to listening the incoming requests on http address: :8081"}
{"level":"INFO","timestamp":"2020-04-16 17:02:50.896","file":"GoApiserver/main.go:56","msg":"The router has been deployed successfully."}
{"level":"INFO","timestamp":"2020-04-16 17:04:41.645","file":"user/create.go:24","msg":"desc:1233 "}
{"level":"INFO","timestamp":"2020-04-16 17:04:41.646","file":"user/create.go:27","msg":"URL username: "}
{"level":"INFO","timestamp":"2020-04-16 17:04:41.646","file":"user/create.go:31","msg":"lastname: none"}
{"level":"INFO","timestamp":"2020-04-16 17:04:41.646","file":"user/create.go:34","msg":"Header Content-Type: multipart/form-data; boundary=--------------------------394705414953539637399082"}
{"level":"DEBUG","timestamp":"2020-04-16 17:04:41.646","file":"user/create.go:36","msg":"username is: [11111], password is [22222]"}
{"level":"INFO","timestamp":"2020-04-16 17:04:41.646","file":"user/create.go:43","msg":"User Create function called.","data":{"X-Request-Id":""}}
{"level":"INFO","timestamp":"2020-04-16 17:05:00.848","file":"GoApiserver/main.go:59","msg":"Start to listening the incoming requests on http address: :8081"}
{"level":"INFO","timestamp":"2020-04-16 17:05:00.849","file":"GoApiserver/main.go:56","msg":"The router has been deployed successfully."}
{"level":"INFO","timestamp":"2020-04-16 17:05:05.771","file":"user/create.go:24","msg":"desc:1233 "}
{"level":"INFO","timestamp":"2020-04-16 17:05:05.771","file":"user/create.go:27","msg":"URL username: "}
{"level":"INFO","timestamp":"2020-04-16 17:05:05.771","file":"user/create.go:31","msg":"lastname: none"}
{"level":"INFO","timestamp":"2020-04-16 17:05:05.771","file":"user/create.go:34","msg":"Header Content-Type: multipart/form-data; boundary=--------------------------137529514657050437368463"}
{"level":"DEBUG","timestamp":"2020-04-16 17:05:05.771","file":"user/create.go:36","msg":"username is: [11111], password is [22222]"}
{"level":"INFO","timestamp":"2020-04-16 17:05:05.771","file":"user/create.go:43","msg":"User Create function called.","data":{"X-Request-Id":""}}
{"level":"ERROR","timestamp":"2020-04-16 17:14:44.243","file":"model/init.go:32","msg":"Database connection failed. Database name: db_apiserver","data":{"error":"dial tcp 47.114.57.220:3306: connect: operation timed out"}}
{"level":"INFO","timestamp":"2020-04-16 17:14:44.244","file":"GoApiserver/main.go:60","msg":"Start to listening the incoming requests on http address: :8081"}
{"level":"INFO","timestamp":"2020-04-16 17:14:44.245","file":"GoApiserver/main.go:57","msg":"The router has been deployed successfully."}
{"level":"INFO","timestamp":"2020-04-16 17:17:26.317","file":"config/config.go:69","msg":"Config file changed: /Users/apple/src/GoApiserver/conf/config.yaml"}
{"level":"ERROR","timestamp":"2020-04-16 17:18:16.497","file":"model/init.go:33","msg":"Database connection failed. Database name: db_apiserver","data":{"error":"invalid URL escape \"%!s\""}}
{"level":"INFO","timestamp":"2020-04-16 17:18:16.498","file":"GoApiserver/main.go:60","msg":"Start to listening the incoming requests on http address: :8081"}
{"level":"INFO","timestamp":"2020-04-16 17:18:16.500","file":"GoApiserver/main.go:57","msg":"The router has been deployed successfully."}
{"level":"ERROR","timestamp":"2020-04-16 17:19:11.617","file":"model/init.go:33","msg":"Database connection failed. Database name: db_apiserver","data":{"error":"invalid URL escape \"%!s\""}}
{"level":"INFO","timestamp":"2020-04-16 17:19:11.618","file":"GoApiserver/main.go:60","msg":"Start to listening the incoming requests on http address: :8081"}
{"level":"INFO","timestamp":"2020-04-16 17:19:11.619","file":"GoApiserver/main.go:57","msg":"The router has been deployed successfully."}
{"level":"ERROR","timestamp":"2020-04-16 17:21:50.570","file":"model/init.go:33","msg":"Database connection failed. Database name: db_apiserver","data":{"error":"dial tcp 47.114.57.220:3306: connect: operation timed out"}}
{"level":"INFO","timestamp":"2020-04-16 17:21:50.570","file":"GoApiserver/main.go:60","msg":"Start to listening the incoming requests on http address: :8081"}
{"level":"INFO","timestamp":"2020-04-16 17:21:50.572","file":"GoApiserver/main.go:57","msg":"The router has been deployed successfully."}
{"level":"INFO","timestamp":"2020-04-16 17:32:28.510","file":"GoApiserver/main.go:60","msg":"Start to listening the incoming requests on http address: :8081"}
{"level":"INFO","timestamp":"2020-04-16 17:32:28.511","file":"GoApiserver/main.go:74","msg":"Waiting for the router, retry in 1 second."}
{"level":"INFO","timestamp":"2020-04-16 17:32:29.513","file":"GoApiserver/main.go:57","msg":"The router has been deployed successfully."}
{"level":"INFO","timestamp":"2020-04-16 17:34:13.827","file":"user/create.go:24","msg":"desc:1233 "}
{"level":"INFO","timestamp":"2020-04-16 17:34:13.827","file":"user/create.go:27","msg":"URL username: "}
{"level":"INFO","timestamp":"2020-04-16 17:34:13.827","file":"user/create.go:31","msg":"lastname: none"}
{"level":"INFO","timestamp":"2020-04-16 17:34:13.827","file":"user/create.go:34","msg":"Header Content-Type: multipart/form-data; boundary=--------------------------333493751748565677122241"}
{"level":"DEBUG","timestamp":"2020-04-16 17:34:13.827","file":"user/create.go:36","msg":"username is: [11111], password is [22222]"}
{"level":"INFO","timestamp":"2020-04-16 17:34:13.827","file":"user/create.go:43","msg":"User Create function called.","data":{"X-Request-Id":""}}
{"level":"INFO","timestamp":"2020-04-16 17:39:02.606","file":"config/config.go:69","msg":"Config file changed: /Users/apple/src/GoApiserver/conf/config.yaml"}
{"level":"INFO","timestamp":"2020-04-16 17:39:09.364","file":"config/config.go:69","msg":"Config file changed: /Users/apple/src/GoApiserver/conf/config.yaml"}
{"level":"INFO","timestamp":"2020-04-16 17:40:31.487","file":"config/config.go:69","msg":"Config file changed: /Users/apple/src/GoApiserver/conf/config.yaml"}
